<?xml version="1.0" encoding="UTF-8"?>
<!-- Generated by org.testng.reporters.JUnitReportReporter -->
<testsuite hostname="DESKTOP-5OCDMTC" failures="0" tests="1" name="com.acttime.testscript.CustomerModule" time="0.199" errors="0" timestamp="2023-04-12T16:46:44 IST" skipped="0">
  <testcase classname="com.acttime.testscript.CustomerModule" name="createCustomer" time="0.199"/>
  <system-out>
    <![CDATA[createcustomer]]>
  </system-out>
</testsuite> <!-- com.acttime.testscript.CustomerModule -->
